{"C:\\Users\\Thunderobot\\Desktop\\Учеба\\веб\\веб\\1 practice\\ts-pair-balynin-ilin\\ts-lib-balynin-il-in\\src\\core\\JustIlindate.ts": {"path":"C:\\Users\\Thunderobot\\Desktop\\Учеба\\веб\\веб\\1 practice\\ts-pair-balynin-ilin\\ts-lib-balynin-il-in\\src\\core\\JustIlindate.ts","statementMap":{"0":{"start":{"line":29,"column":4},"end":{"line":29,"column":null}},"1":{"start":{"line":30,"column":4},"end":{"line":30,"column":null}},"2":{"start":{"line":31,"column":4},"end":{"line":37,"column":null}},"3":{"start":{"line":39,"column":4},"end":{"line":47,"column":null}},"4":{"start":{"line":40,"column":26},"end":{"line":40,"column":null}},"5":{"start":{"line":41,"column":6},"end":{"line":43,"column":null}},"6":{"start":{"line":42,"column":8},"end":{"line":42,"column":null}},"7":{"start":{"line":44,"column":6},"end":{"line":44,"column":null}},"8":{"start":{"line":46,"column":6},"end":{"line":46,"column":null}},"9":{"start":{"line":49,"column":4},"end":{"line":49,"column":null}},"10":{"start":{"line":50,"column":4},"end":{"line":50,"column":null}},"11":{"start":{"line":51,"column":4},"end":{"line":51,"column":null}},"12":{"start":{"line":55,"column":19},"end":{"line":55,"column":null}},"13":{"start":{"line":57,"column":4},"end":{"line":77,"column":null}},"14":{"start":{"line":58,"column":6},"end":{"line":67,"column":null}},"15":{"start":{"line":59,"column":8},"end":{"line":65,"column":null}},"16":{"start":{"line":61,"column":10},"end":{"line":64,"column":null}},"17":{"start":{"line":66,"column":8},"end":{"line":66,"column":null}},"18":{"start":{"line":69,"column":12},"end":{"line":69,"column":null}},"19":{"start":{"line":70,"column":6},"end":{"line":76,"column":null}},"20":{"start":{"line":72,"column":8},"end":{"line":75,"column":null}},"21":{"start":{"line":81,"column":19},"end":{"line":83,"column":null}},"22":{"start":{"line":88,"column":4},"end":{"line":118,"column":null}},"23":{"start":{"line":89,"column":19},"end":{"line":89,"column":null}},"24":{"start":{"line":90,"column":6},"end":{"line":90,"column":null}},"25":{"start":{"line":90,"column":17},"end":{"line":90,"column":null}},"26":{"start":{"line":92,"column":6},"end":{"line":107,"column":null}},"27":{"start":{"line":93,"column":8},"end":{"line":93,"column":null}},"28":{"start":{"line":93,"column":52},"end":{"line":93,"column":null}},"29":{"start":{"line":94,"column":8},"end":{"line":94,"column":null}},"30":{"start":{"line":97,"column":8},"end":{"line":97,"column":null}},"31":{"start":{"line":98,"column":8},"end":{"line":98,"column":null}},"32":{"start":{"line":100,"column":8},"end":{"line":105,"column":null}},"33":{"start":{"line":106,"column":8},"end":{"line":106,"column":null}},"34":{"start":{"line":109,"column":6},"end":{"line":109,"column":null}},"35":{"start":{"line":110,"column":6},"end":{"line":110,"column":null}},"36":{"start":{"line":112,"column":6},"end":{"line":117,"column":null}},"37":{"start":{"line":124,"column":36},"end":{"line":124,"column":null}},"38":{"start":{"line":125,"column":10},"end":{"line":125,"column":null}},"39":{"start":{"line":127,"column":4},"end":{"line":132,"column":null}},"40":{"start":{"line":128,"column":6},"end":{"line":131,"column":null}},"41":{"start":{"line":129,"column":42},"end":{"line":129,"column":null}},"42":{"start":{"line":134,"column":4},"end":{"line":143,"column":null}},"43":{"start":{"line":135,"column":6},"end":{"line":142,"column":null}},"44":{"start":{"line":137,"column":10},"end":{"line":137,"column":null}},"45":{"start":{"line":145,"column":4},"end":{"line":154,"column":null}},"46":{"start":{"line":146,"column":6},"end":{"line":153,"column":null}},"47":{"start":{"line":148,"column":10},"end":{"line":148,"column":null}},"48":{"start":{"line":156,"column":4},"end":{"line":161,"column":null}},"49":{"start":{"line":157,"column":6},"end":{"line":160,"column":null}},"50":{"start":{"line":158,"column":42},"end":{"line":158,"column":null}},"51":{"start":{"line":163,"column":4},"end":{"line":168,"column":null}},"52":{"start":{"line":164,"column":6},"end":{"line":167,"column":null}},"53":{"start":{"line":165,"column":42},"end":{"line":165,"column":null}},"54":{"start":{"line":170,"column":4},"end":{"line":176,"column":null}},"55":{"start":{"line":171,"column":6},"end":{"line":175,"column":null}},"56":{"start":{"line":173,"column":10},"end":{"line":173,"column":null}},"57":{"start":{"line":178,"column":4},"end":{"line":183,"column":null}},"58":{"start":{"line":179,"column":6},"end":{"line":182,"column":null}},"59":{"start":{"line":180,"column":42},"end":{"line":180,"column":null}},"60":{"start":{"line":185,"column":4},"end":{"line":190,"column":null}},"61":{"start":{"line":186,"column":6},"end":{"line":189,"column":null}},"62":{"start":{"line":187,"column":42},"end":{"line":187,"column":null}},"63":{"start":{"line":192,"column":4},"end":{"line":197,"column":null}},"64":{"start":{"line":193,"column":6},"end":{"line":196,"column":null}},"65":{"start":{"line":194,"column":42},"end":{"line":194,"column":null}},"66":{"start":{"line":199,"column":4},"end":{"line":204,"column":null}},"67":{"start":{"line":200,"column":6},"end":{"line":203,"column":null}},"68":{"start":{"line":201,"column":42},"end":{"line":201,"column":null}},"69":{"start":{"line":206,"column":4},"end":{"line":206,"column":null}},"70":{"start":{"line":210,"column":4},"end":{"line":216,"column":null}},"71":{"start":{"line":211,"column":6},"end":{"line":215,"column":null}},"72":{"start":{"line":212,"column":8},"end":{"line":214,"column":null}},"73":{"start":{"line":213,"column":10},"end":{"line":213,"column":null}},"74":{"start":{"line":218,"column":4},"end":{"line":226,"column":null}},"75":{"start":{"line":219,"column":6},"end":{"line":225,"column":null}},"76":{"start":{"line":220,"column":8},"end":{"line":224,"column":null}},"77":{"start":{"line":221,"column":10},"end":{"line":223,"column":null}},"78":{"start":{"line":222,"column":12},"end":{"line":222,"column":null}},"79":{"start":{"line":228,"column":4},"end":{"line":234,"column":null}},"80":{"start":{"line":229,"column":6},"end":{"line":229,"column":null}},"81":{"start":{"line":230,"column":21},"end":{"line":230,"column":null}},"82":{"start":{"line":231,"column":6},"end":{"line":233,"column":null}},"83":{"start":{"line":232,"column":8},"end":{"line":232,"column":null}},"84":{"start":{"line":242,"column":23},"end":{"line":242,"column":null}},"85":{"start":{"line":243,"column":4},"end":{"line":245,"column":null}},"86":{"start":{"line":244,"column":6},"end":{"line":244,"column":null}},"87":{"start":{"line":247,"column":10},"end":{"line":247,"column":null}},"88":{"start":{"line":248,"column":24},"end":{"line":248,"column":null}},"89":{"start":{"line":250,"column":4},"end":{"line":256,"column":null}},"90":{"start":{"line":252,"column":6},"end":{"line":255,"column":null}},"91":{"start":{"line":258,"column":4},"end":{"line":258,"column":null}},"92":{"start":{"line":259,"column":4},"end":{"line":259,"column":null}},"93":{"start":{"line":266,"column":25},"end":{"line":266,"column":null}},"94":{"start":{"line":268,"column":4},"end":{"line":270,"column":null}},"95":{"start":{"line":269,"column":6},"end":{"line":269,"column":null}},"96":{"start":{"line":271,"column":4},"end":{"line":276,"column":null}},"97":{"start":{"line":275,"column":6},"end":{"line":275,"column":null}},"98":{"start":{"line":277,"column":4},"end":{"line":279,"column":null}},"99":{"start":{"line":278,"column":6},"end":{"line":278,"column":null}},"100":{"start":{"line":280,"column":4},"end":{"line":282,"column":null}},"101":{"start":{"line":281,"column":6},"end":{"line":281,"column":null}},"102":{"start":{"line":284,"column":4},"end":{"line":284,"column":null}},"103":{"start":{"line":288,"column":23},"end":{"line":288,"column":null}},"104":{"start":{"line":289,"column":4},"end":{"line":289,"column":null}},"105":{"start":{"line":289,"column":21},"end":{"line":289,"column":null}},"106":{"start":{"line":291,"column":10},"end":{"line":291,"column":null}},"107":{"start":{"line":292,"column":29},"end":{"line":292,"column":null}},"108":{"start":{"line":295,"column":23},"end":{"line":297,"column":null}},"109":{"start":{"line":296,"column":16},"end":{"line":296,"column":null}},"110":{"start":{"line":300,"column":20},"end":{"line":300,"column":null}},"111":{"start":{"line":303,"column":4},"end":{"line":307,"column":null}},"112":{"start":{"line":304,"column":6},"end":{"line":304,"column":null}},"113":{"start":{"line":305,"column":6},"end":{"line":305,"column":null}},"114":{"start":{"line":306,"column":6},"end":{"line":306,"column":null}},"115":{"start":{"line":309,"column":4},"end":{"line":313,"column":null}},"116":{"start":{"line":310,"column":6},"end":{"line":312,"column":null}},"117":{"start":{"line":311,"column":8},"end":{"line":311,"column":null}},"118":{"start":{"line":315,"column":4},"end":{"line":315,"column":null}},"119":{"start":{"line":317,"column":4},"end":{"line":321,"column":null}},"120":{"start":{"line":318,"column":6},"end":{"line":318,"column":null}},"121":{"start":{"line":320,"column":6},"end":{"line":320,"column":null}},"122":{"start":{"line":323,"column":4},"end":{"line":323,"column":null}},"123":{"start":{"line":327,"column":4},"end":{"line":329,"column":null}},"124":{"start":{"line":328,"column":6},"end":{"line":328,"column":null}},"125":{"start":{"line":330,"column":4},"end":{"line":332,"column":null}},"126":{"start":{"line":331,"column":6},"end":{"line":331,"column":null}},"127":{"start":{"line":333,"column":4},"end":{"line":333,"column":null}},"128":{"start":{"line":337,"column":4},"end":{"line":337,"column":null}},"129":{"start":{"line":338,"column":4},"end":{"line":338,"column":null}},"130":{"start":{"line":339,"column":4},"end":{"line":339,"column":null}},"131":{"start":{"line":340,"column":4},"end":{"line":340,"column":null}},"132":{"start":{"line":344,"column":4},"end":{"line":344,"column":null}},"133":{"start":{"line":345,"column":4},"end":{"line":345,"column":null}},"134":{"start":{"line":346,"column":4},"end":{"line":346,"column":null}},"135":{"start":{"line":347,"column":4},"end":{"line":347,"column":null}},"136":{"start":{"line":351,"column":45},"end":{"line":351,"column":null}},"137":{"start":{"line":352,"column":18},"end":{"line":352,"column":null}},"138":{"start":{"line":354,"column":4},"end":{"line":368,"column":null}},"139":{"start":{"line":355,"column":25},"end":{"line":355,"column":null}},"140":{"start":{"line":356,"column":6},"end":{"line":367,"column":null}},"141":{"start":{"line":357,"column":8},"end":{"line":357,"column":null}},"142":{"start":{"line":358,"column":38},"end":{"line":358,"column":null}},"143":{"start":{"line":359,"column":14},"end":{"line":359,"column":null}},"144":{"start":{"line":361,"column":8},"end":{"line":365,"column":null}},"145":{"start":{"line":362,"column":10},"end":{"line":364,"column":null}},"146":{"start":{"line":363,"column":12},"end":{"line":363,"column":null}},"147":{"start":{"line":366,"column":8},"end":{"line":366,"column":null}},"148":{"start":{"line":370,"column":4},"end":{"line":370,"column":null}},"149":{"start":{"line":374,"column":4},"end":{"line":374,"column":null}},"150":{"start":{"line":375,"column":4},"end":{"line":378,"column":null}},"151":{"start":{"line":376,"column":6},"end":{"line":376,"column":null}},"152":{"start":{"line":377,"column":6},"end":{"line":377,"column":null}},"153":{"start":{"line":382,"column":18},"end":{"line":384,"column":null}},"154":{"start":{"line":385,"column":4},"end":{"line":385,"column":null}},"155":{"start":{"line":389,"column":4},"end":{"line":389,"column":null}}},"fnMap":{"0":{"name":"(anonymous_0)","decl":{"start":{"line":25,"column":2},"end":{"line":25,"column":null}},"loc":{"start":{"line":28,"column":4},"end":{"line":52,"column":null}},"line":28},"1":{"name":"(anonymous_1)","decl":{"start":{"line":54,"column":10},"end":{"line":54,"column":40}},"loc":{"start":{"line":54,"column":40},"end":{"line":78,"column":null}},"line":54},"2":{"name":"(anonymous_2)","decl":{"start":{"line":57,"column":19},"end":{"line":57,"column":20}},"loc":{"start":{"line":57,"column":30},"end":{"line":77,"column":5}},"line":57},"3":{"name":"(anonymous_3)","decl":{"start":{"line":80,"column":10},"end":{"line":80,"column":35}},"loc":{"start":{"line":80,"column":35},"end":{"line":119,"column":null}},"line":80},"4":{"name":"(anonymous_4)","decl":{"start":{"line":88,"column":19},"end":{"line":88,"column":20}},"loc":{"start":{"line":88,"column":30},"end":{"line":118,"column":5}},"line":88},"5":{"name":"(anonymous_5)","decl":{"start":{"line":121,"column":10},"end":{"line":121,"column":null}},"loc":{"start":{"line":123,"column":22},"end":{"line":207,"column":null}},"line":123},"6":{"name":"(anonymous_6)","decl":{"start":{"line":129,"column":19},"end":{"line":129,"column":20}},"loc":{"start":{"line":129,"column":42},"end":{"line":129,"column":null}},"line":129},"7":{"name":"(anonymous_7)","decl":{"start":{"line":136,"column":19},"end":{"line":136,"column":20}},"loc":{"start":{"line":137,"column":10},"end":{"line":137,"column":null}},"line":137},"8":{"name":"(anonymous_8)","decl":{"start":{"line":147,"column":19},"end":{"line":147,"column":20}},"loc":{"start":{"line":148,"column":10},"end":{"line":148,"column":null}},"line":148},"9":{"name":"(anonymous_9)","decl":{"start":{"line":158,"column":19},"end":{"line":158,"column":20}},"loc":{"start":{"line":158,"column":42},"end":{"line":158,"column":null}},"line":158},"10":{"name":"(anonymous_10)","decl":{"start":{"line":165,"column":19},"end":{"line":165,"column":20}},"loc":{"start":{"line":165,"column":42},"end":{"line":165,"column":null}},"line":165},"11":{"name":"(anonymous_11)","decl":{"start":{"line":172,"column":19},"end":{"line":172,"column":20}},"loc":{"start":{"line":173,"column":10},"end":{"line":173,"column":null}},"line":173},"12":{"name":"(anonymous_12)","decl":{"start":{"line":180,"column":19},"end":{"line":180,"column":20}},"loc":{"start":{"line":180,"column":42},"end":{"line":180,"column":null}},"line":180},"13":{"name":"(anonymous_13)","decl":{"start":{"line":187,"column":19},"end":{"line":187,"column":20}},"loc":{"start":{"line":187,"column":42},"end":{"line":187,"column":null}},"line":187},"14":{"name":"(anonymous_14)","decl":{"start":{"line":194,"column":19},"end":{"line":194,"column":20}},"loc":{"start":{"line":194,"column":42},"end":{"line":194,"column":null}},"line":194},"15":{"name":"(anonymous_15)","decl":{"start":{"line":201,"column":19},"end":{"line":201,"column":20}},"loc":{"start":{"line":201,"column":42},"end":{"line":201,"column":null}},"line":201},"16":{"name":"(anonymous_16)","decl":{"start":{"line":209,"column":10},"end":{"line":209,"column":39}},"loc":{"start":{"line":209,"column":39},"end":{"line":235,"column":null}},"line":209},"17":{"name":"(anonymous_17)","decl":{"start":{"line":211,"column":26},"end":{"line":211,"column":27}},"loc":{"start":{"line":211,"column":48},"end":{"line":215,"column":7}},"line":211},"18":{"name":"(anonymous_18)","decl":{"start":{"line":212,"column":52},"end":{"line":212,"column":58}},"loc":{"start":{"line":212,"column":58},"end":{"line":214,"column":9}},"line":212},"19":{"name":"(anonymous_19)","decl":{"start":{"line":219,"column":26},"end":{"line":219,"column":27}},"loc":{"start":{"line":219,"column":48},"end":{"line":225,"column":7}},"line":219},"20":{"name":"(anonymous_20)","decl":{"start":{"line":220,"column":53},"end":{"line":220,"column":59}},"loc":{"start":{"line":220,"column":59},"end":{"line":224,"column":9}},"line":220},"21":{"name":"(anonymous_21)","decl":{"start":{"line":228,"column":41},"end":{"line":228,"column":42}},"loc":{"start":{"line":228,"column":48},"end":{"line":234,"column":5}},"line":228},"22":{"name":"(anonymous_22)","decl":{"start":{"line":237,"column":9},"end":{"line":237,"column":null}},"loc":{"start":{"line":241,"column":10},"end":{"line":260,"column":null}},"line":241},"23":{"name":"(anonymous_23)","decl":{"start":{"line":262,"column":10},"end":{"line":262,"column":null}},"loc":{"start":{"line":265,"column":13},"end":{"line":285,"column":null}},"line":265},"24":{"name":"(anonymous_24)","decl":{"start":{"line":287,"column":10},"end":{"line":287,"column":24}},"loc":{"start":{"line":287,"column":52},"end":{"line":324,"column":null}},"line":287},"25":{"name":"(anonymous_25)","decl":{"start":{"line":296,"column":6},"end":{"line":296,"column":7}},"loc":{"start":{"line":296,"column":16},"end":{"line":296,"column":null}},"line":296},"26":{"name":"(anonymous_26)","decl":{"start":{"line":326,"column":10},"end":{"line":326,"column":23}},"loc":{"start":{"line":326,"column":51},"end":{"line":334,"column":null}},"line":326},"27":{"name":"(anonymous_27)","decl":{"start":{"line":336,"column":10},"end":{"line":336,"column":21}},"loc":{"start":{"line":336,"column":69},"end":{"line":341,"column":null}},"line":336},"28":{"name":"(anonymous_28)","decl":{"start":{"line":343,"column":10},"end":{"line":343,"column":22}},"loc":{"start":{"line":343,"column":52},"end":{"line":348,"column":null}},"line":343},"29":{"name":"(anonymous_29)","decl":{"start":{"line":350,"column":9},"end":{"line":350,"column":38}},"loc":{"start":{"line":350,"column":38},"end":{"line":371,"column":null}},"line":350},"30":{"name":"(anonymous_30)","decl":{"start":{"line":354,"column":24},"end":{"line":354,"column":25}},"loc":{"start":{"line":354,"column":46},"end":{"line":368,"column":5}},"line":354},"31":{"name":"(anonymous_31)","decl":{"start":{"line":373,"column":9},"end":{"line":373,"column":23}},"loc":{"start":{"line":373,"column":23},"end":{"line":379,"column":null}},"line":373},"32":{"name":"(anonymous_32)","decl":{"start":{"line":375,"column":24},"end":{"line":375,"column":25}},"loc":{"start":{"line":375,"column":40},"end":{"line":378,"column":5}},"line":375},"33":{"name":"(anonymous_33)","decl":{"start":{"line":381,"column":10},"end":{"line":381,"column":28}},"loc":{"start":{"line":381,"column":28},"end":{"line":386,"column":null}},"line":381},"34":{"name":"(anonymous_34)","decl":{"start":{"line":388,"column":9},"end":{"line":388,"column":25}},"loc":{"start":{"line":388,"column":65},"end":{"line":390,"column":null}},"line":388}},"branchMap":{"0":{"loc":{"start":{"line":27,"column":4},"end":{"line":27,"column":null}},"type":"default-arg","locations":[{"start":{"line":27,"column":32},"end":{"line":27,"column":null}}],"line":27},"1":{"loc":{"start":{"line":32,"column":24},"end":{"line":32,"column":null}},"type":"binary-expr","locations":[{"start":{"line":32,"column":24},"end":{"line":32,"column":52}},{"start":{"line":32,"column":52},"end":{"line":32,"column":null}}],"line":32},"2":{"loc":{"start":{"line":33,"column":22},"end":{"line":33,"column":null}},"type":"binary-expr","locations":[{"start":{"line":33,"column":22},"end":{"line":33,"column":48}},{"start":{"line":33,"column":48},"end":{"line":33,"column":null}}],"line":33},"3":{"loc":{"start":{"line":34,"column":23},"end":{"line":34,"column":null}},"type":"binary-expr","locations":[{"start":{"line":34,"column":23},"end":{"line":34,"column":50}},{"start":{"line":34,"column":50},"end":{"line":34,"column":null}}],"line":34},"4":{"loc":{"start":{"line":35,"column":18},"end":{"line":35,"column":null}},"type":"binary-expr","locations":[{"start":{"line":35,"column":18},"end":{"line":35,"column":40}},{"start":{"line":35,"column":40},"end":{"line":35,"column":null}}],"line":35},"5":{"loc":{"start":{"line":36,"column":20},"end":{"line":36,"column":null}},"type":"binary-expr","locations":[{"start":{"line":36,"column":20},"end":{"line":36,"column":44}},{"start":{"line":36,"column":44},"end":{"line":36,"column":null}}],"line":36},"6":{"loc":{"start":{"line":39,"column":4},"end":{"line":47,"column":null}},"type":"if","locations":[{"start":{"line":39,"column":4},"end":{"line":47,"column":null}},{"start":{"line":45,"column":11},"end":{"line":47,"column":null}}],"line":39},"7":{"loc":{"start":{"line":41,"column":6},"end":{"line":43,"column":null}},"type":"if","locations":[{"start":{"line":41,"column":6},"end":{"line":43,"column":null}},{"start":{},"end":{}}],"line":41},"8":{"loc":{"start":{"line":58,"column":6},"end":{"line":67,"column":null}},"type":"if","locations":[{"start":{"line":58,"column":6},"end":{"line":67,"column":null}},{"start":{},"end":{}}],"line":58},"9":{"loc":{"start":{"line":58,"column":10},"end":{"line":58,"column":68}},"type":"binary-expr","locations":[{"start":{"line":58,"column":10},"end":{"line":58,"column":41}},{"start":{"line":58,"column":41},"end":{"line":58,"column":68}}],"line":58},"10":{"loc":{"start":{"line":59,"column":8},"end":{"line":65,"column":null}},"type":"if","locations":[{"start":{"line":59,"column":8},"end":{"line":65,"column":null}},{"start":{},"end":{}}],"line":59},"11":{"loc":{"start":{"line":70,"column":6},"end":{"line":76,"column":null}},"type":"if","locations":[{"start":{"line":70,"column":6},"end":{"line":76,"column":null}},{"start":{},"end":{}}],"line":70},"12":{"loc":{"start":{"line":70,"column":10},"end":{"line":70,"column":52}},"type":"binary-expr","locations":[{"start":{"line":70,"column":10},"end":{"line":70,"column":20}},{"start":{"line":70,"column":20},"end":{"line":70,"column":52}}],"line":70},"13":{"loc":{"start":{"line":73,"column":37},"end":{"line":73,"column":91}},"type":"binary-expr","locations":[{"start":{"line":73,"column":37},"end":{"line":73,"column":67}},{"start":{"line":73,"column":67},"end":{"line":73,"column":91}}],"line":73},"14":{"loc":{"start":{"line":89,"column":19},"end":{"line":89,"column":null}},"type":"binary-expr","locations":[{"start":{"line":89,"column":19},"end":{"line":89,"column":49}},{"start":{"line":89,"column":49},"end":{"line":89,"column":null}}],"line":89},"15":{"loc":{"start":{"line":90,"column":6},"end":{"line":90,"column":null}},"type":"if","locations":[{"start":{"line":90,"column":6},"end":{"line":90,"column":null}},{"start":{},"end":{}}],"line":90},"16":{"loc":{"start":{"line":92,"column":6},"end":{"line":107,"column":null}},"type":"if","locations":[{"start":{"line":92,"column":6},"end":{"line":107,"column":null}},{"start":{},"end":{}}],"line":92},"17":{"loc":{"start":{"line":92,"column":10},"end":{"line":92,"column":78}},"type":"binary-expr","locations":[{"start":{"line":92,"column":10},"end":{"line":92,"column":47}},{"start":{"line":92,"column":27},"end":{"line":92,"column":78}}],"line":92},"18":{"loc":{"start":{"line":93,"column":8},"end":{"line":93,"column":null}},"type":"if","locations":[{"start":{"line":93,"column":8},"end":{"line":93,"column":null}},{"start":{},"end":{}}],"line":93},"19":{"loc":{"start":{"line":127,"column":4},"end":{"line":132,"column":null}},"type":"if","locations":[{"start":{"line":127,"column":4},"end":{"line":132,"column":null}},{"start":{},"end":{}}],"line":127},"20":{"loc":{"start":{"line":134,"column":4},"end":{"line":143,"column":null}},"type":"if","locations":[{"start":{"line":134,"column":4},"end":{"line":143,"column":null}},{"start":{},"end":{}}],"line":134},"21":{"loc":{"start":{"line":145,"column":4},"end":{"line":154,"column":null}},"type":"if","locations":[{"start":{"line":145,"column":4},"end":{"line":154,"column":null}},{"start":{},"end":{}}],"line":145},"22":{"loc":{"start":{"line":156,"column":4},"end":{"line":161,"column":null}},"type":"if","locations":[{"start":{"line":156,"column":4},"end":{"line":161,"column":null}},{"start":{},"end":{}}],"line":156},"23":{"loc":{"start":{"line":163,"column":4},"end":{"line":168,"column":null}},"type":"if","locations":[{"start":{"line":163,"column":4},"end":{"line":168,"column":null}},{"start":{},"end":{}}],"line":163},"24":{"loc":{"start":{"line":170,"column":4},"end":{"line":176,"column":null}},"type":"if","locations":[{"start":{"line":170,"column":4},"end":{"line":176,"column":null}},{"start":{},"end":{}}],"line":170},"25":{"loc":{"start":{"line":178,"column":4},"end":{"line":183,"column":null}},"type":"if","locations":[{"start":{"line":178,"column":4},"end":{"line":183,"column":null}},{"start":{},"end":{}}],"line":178},"26":{"loc":{"start":{"line":185,"column":4},"end":{"line":190,"column":null}},"type":"if","locations":[{"start":{"line":185,"column":4},"end":{"line":190,"column":null}},{"start":{},"end":{}}],"line":185},"27":{"loc":{"start":{"line":192,"column":4},"end":{"line":197,"column":null}},"type":"if","locations":[{"start":{"line":192,"column":4},"end":{"line":197,"column":null}},{"start":{},"end":{}}],"line":192},"28":{"loc":{"start":{"line":199,"column":4},"end":{"line":204,"column":null}},"type":"if","locations":[{"start":{"line":199,"column":4},"end":{"line":204,"column":null}},{"start":{},"end":{}}],"line":199},"29":{"loc":{"start":{"line":210,"column":4},"end":{"line":216,"column":null}},"type":"if","locations":[{"start":{"line":210,"column":4},"end":{"line":216,"column":null}},{"start":{},"end":{}}],"line":210},"30":{"loc":{"start":{"line":218,"column":4},"end":{"line":226,"column":null}},"type":"if","locations":[{"start":{"line":218,"column":4},"end":{"line":226,"column":null}},{"start":{},"end":{}}],"line":218},"31":{"loc":{"start":{"line":221,"column":10},"end":{"line":223,"column":null}},"type":"if","locations":[{"start":{"line":221,"column":10},"end":{"line":223,"column":null}},{"start":{},"end":{}}],"line":221},"32":{"loc":{"start":{"line":231,"column":6},"end":{"line":233,"column":null}},"type":"if","locations":[{"start":{"line":231,"column":6},"end":{"line":233,"column":null}},{"start":{},"end":{}}],"line":231},"33":{"loc":{"start":{"line":243,"column":4},"end":{"line":245,"column":null}},"type":"if","locations":[{"start":{"line":243,"column":4},"end":{"line":245,"column":null}},{"start":{},"end":{}}],"line":243},"34":{"loc":{"start":{"line":250,"column":4},"end":{"line":256,"column":null}},"type":"if","locations":[{"start":{"line":250,"column":4},"end":{"line":256,"column":null}},{"start":{},"end":{}}],"line":250},"35":{"loc":{"start":{"line":250,"column":8},"end":{"line":250,"column":55}},"type":"binary-expr","locations":[{"start":{"line":250,"column":8},"end":{"line":250,"column":23}},{"start":{"line":250,"column":23},"end":{"line":250,"column":55}}],"line":250},"36":{"loc":{"start":{"line":268,"column":4},"end":{"line":270,"column":null}},"type":"if","locations":[{"start":{"line":268,"column":4},"end":{"line":270,"column":null}},{"start":{},"end":{}}],"line":268},"37":{"loc":{"start":{"line":268,"column":8},"end":{"line":268,"column":75}},"type":"binary-expr","locations":[{"start":{"line":268,"column":8},"end":{"line":268,"column":45}},{"start":{"line":268,"column":45},"end":{"line":268,"column":75}}],"line":268},"38":{"loc":{"start":{"line":271,"column":4},"end":{"line":276,"column":null}},"type":"if","locations":[{"start":{"line":271,"column":4},"end":{"line":276,"column":null}},{"start":{},"end":{}}],"line":271},"39":{"loc":{"start":{"line":272,"column":6},"end":{"line":273,"column":null}},"type":"binary-expr","locations":[{"start":{"line":272,"column":6},"end":{"line":272,"column":null}},{"start":{"line":273,"column":7},"end":{"line":273,"column":26}},{"start":{"line":273,"column":26},"end":{"line":273,"column":null}}],"line":272},"40":{"loc":{"start":{"line":277,"column":4},"end":{"line":279,"column":null}},"type":"if","locations":[{"start":{"line":277,"column":4},"end":{"line":279,"column":null}},{"start":{},"end":{}}],"line":277},"41":{"loc":{"start":{"line":277,"column":8},"end":{"line":277,"column":65}},"type":"binary-expr","locations":[{"start":{"line":277,"column":8},"end":{"line":277,"column":40}},{"start":{"line":277,"column":40},"end":{"line":277,"column":65}}],"line":277},"42":{"loc":{"start":{"line":280,"column":4},"end":{"line":282,"column":null}},"type":"if","locations":[{"start":{"line":280,"column":4},"end":{"line":282,"column":null}},{"start":{},"end":{}}],"line":280},"43":{"loc":{"start":{"line":280,"column":8},"end":{"line":280,"column":65}},"type":"binary-expr","locations":[{"start":{"line":280,"column":8},"end":{"line":280,"column":40}},{"start":{"line":280,"column":40},"end":{"line":280,"column":65}}],"line":280},"44":{"loc":{"start":{"line":289,"column":4},"end":{"line":289,"column":null}},"type":"if","locations":[{"start":{"line":289,"column":4},"end":{"line":289,"column":null}},{"start":{},"end":{}}],"line":289},"45":{"loc":{"start":{"line":303,"column":4},"end":{"line":307,"column":null}},"type":"if","locations":[{"start":{"line":303,"column":4},"end":{"line":307,"column":null}},{"start":{},"end":{}}],"line":303},"46":{"loc":{"start":{"line":303,"column":8},"end":{"line":303,"column":32}},"type":"binary-expr","locations":[{"start":{"line":303,"column":8},"end":{"line":303,"column":23}},{"start":{"line":303,"column":23},"end":{"line":303,"column":32}}],"line":303},"47":{"loc":{"start":{"line":310,"column":6},"end":{"line":312,"column":null}},"type":"if","locations":[{"start":{"line":310,"column":6},"end":{"line":312,"column":null}},{"start":{},"end":{}}],"line":310},"48":{"loc":{"start":{"line":317,"column":4},"end":{"line":321,"column":null}},"type":"if","locations":[{"start":{"line":317,"column":4},"end":{"line":321,"column":null}},{"start":{"line":319,"column":11},"end":{"line":321,"column":null}}],"line":317},"49":{"loc":{"start":{"line":327,"column":4},"end":{"line":329,"column":null}},"type":"if","locations":[{"start":{"line":327,"column":4},"end":{"line":329,"column":null}},{"start":{},"end":{}}],"line":327},"50":{"loc":{"start":{"line":330,"column":4},"end":{"line":332,"column":null}},"type":"if","locations":[{"start":{"line":330,"column":4},"end":{"line":332,"column":null}},{"start":{},"end":{}}],"line":330},"51":{"loc":{"start":{"line":356,"column":6},"end":{"line":367,"column":null}},"type":"if","locations":[{"start":{"line":356,"column":6},"end":{"line":367,"column":null}},{"start":{},"end":{}}],"line":356},"52":{"loc":{"start":{"line":362,"column":10},"end":{"line":364,"column":null}},"type":"if","locations":[{"start":{"line":362,"column":10},"end":{"line":364,"column":null}},{"start":{},"end":{}}],"line":362}},"s":{"0":21,"1":21,"2":21,"3":21,"4":20,"5":20,"6":1,"7":19,"8":1,"9":20,"10":20,"11":20,"12":20,"13":20,"14":24,"15":0,"16":0,"17":0,"18":24,"19":24,"20":0,"21":20,"22":20,"23":24,"24":24,"25":0,"26":24,"27":6,"28":4,"29":2,"30":2,"31":2,"32":2,"33":2,"34":18,"35":18,"36":18,"37":20,"38":20,"39":20,"40":2,"41":3,"42":20,"43":1,"44":2,"45":20,"46":1,"47":2,"48":20,"49":1,"50":2,"51":20,"52":1,"53":2,"54":20,"55":1,"56":2,"57":20,"58":2,"59":2,"60":20,"61":4,"62":5,"63":20,"64":2,"65":4,"66":20,"67":0,"68":0,"69":20,"70":20,"71":19,"72":19,"73":0,"74":20,"75":0,"76":0,"77":0,"78":0,"79":20,"80":1,"81":1,"82":1,"83":1,"84":4,"85":4,"86":1,"87":3,"88":3,"89":3,"90":0,"91":3,"92":3,"93":3,"94":3,"95":0,"96":3,"97":0,"98":3,"99":0,"100":3,"101":0,"102":3,"103":15,"104":15,"105":0,"106":15,"107":15,"108":15,"109":17,"110":15,"111":15,"112":1,"113":1,"114":1,"115":14,"116":16,"117":10,"118":14,"119":14,"120":10,"121":4,"122":14,"123":15,"124":2,"125":13,"126":2,"127":11,"128":10,"129":10,"130":10,"131":10,"132":6,"133":6,"134":6,"135":6,"136":15,"137":15,"138":15,"139":15,"140":15,"141":10,"142":10,"143":10,"144":10,"145":12,"146":10,"147":10,"148":15,"149":1,"150":1,"151":1,"152":1,"153":1,"154":1,"155":1},"f":{"0":21,"1":20,"2":24,"3":20,"4":24,"5":20,"6":3,"7":2,"8":2,"9":2,"10":2,"11":2,"12":2,"13":5,"14":4,"15":0,"16":20,"17":19,"18":0,"19":0,"20":0,"21":1,"22":4,"23":3,"24":15,"25":17,"26":15,"27":10,"28":6,"29":15,"30":15,"31":1,"32":1,"33":1,"34":1},"b":{"0":[21],"1":[21,3],"2":[21,20],"3":[21,21],"4":[21,20],"5":[21,21],"6":[20,1],"7":[1,19],"8":[0,24],"9":[24,0],"10":[0,0],"11":[0,24],"12":[24,6],"13":[0,0],"14":[24,0],"15":[0,24],"16":[6,18],"17":[24,24],"18":[4,2],"19":[2,18],"20":[1,19],"21":[1,19],"22":[1,19],"23":[1,19],"24":[1,19],"25":[2,18],"26":[4,16],"27":[2,18],"28":[0,20],"29":[19,1],"30":[0,20],"31":[0,0],"32":[1,0],"33":[1,3],"34":[0,3],"35":[3,0],"36":[0,3],"37":[3,0],"38":[0,3],"39":[3,3,3],"40":[0,3],"41":[3,0],"42":[0,3],"43":[3,0],"44":[0,15],"45":[1,14],"46":[15,13],"47":[10,6],"48":[10,4],"49":[2,13],"50":[2,11],"51":[10,5],"52":[10,2]},"meta":{"lastBranch":53,"lastFunction":35,"lastStatement":156,"seen":{"f:25:2:25:Infinity":0,"b:27:32:27:Infinity":0,"s:29:4:29:Infinity":0,"s:30:4:30:Infinity":1,"s:31:4:37:Infinity":2,"b:32:24:32:52:32:52:32:Infinity":1,"b:33:22:33:48:33:48:33:Infinity":2,"b:34:23:34:50:34:50:34:Infinity":3,"b:35:18:35:40:35:40:35:Infinity":4,"b:36:20:36:44:36:44:36:Infinity":5,"b:39:4:47:Infinity:45:11:47:Infinity":6,"s:39:4:47:Infinity":3,"s:40:26:40:Infinity":4,"b:41:6:43:Infinity:undefined:undefined:undefined:undefined":7,"s:41:6:43:Infinity":5,"s:42:8:42:Infinity":6,"s:44:6:44:Infinity":7,"s:46:6:46:Infinity":8,"s:49:4:49:Infinity":9,"s:50:4:50:Infinity":10,"s:51:4:51:Infinity":11,"f:54:10:54:40":1,"s:55:19:55:Infinity":12,"s:57:4:77:Infinity":13,"f:57:19:57:20":2,"b:58:6:67:Infinity:undefined:undefined:undefined:undefined":8,"s:58:6:67:Infinity":14,"b:58:10:58:41:58:41:58:68":9,"b:59:8:65:Infinity:undefined:undefined:undefined:undefined":10,"s:59:8:65:Infinity":15,"s:61:10:64:Infinity":16,"s:66:8:66:Infinity":17,"s:69:12:69:Infinity":18,"b:70:6:76:Infinity:undefined:undefined:undefined:undefined":11,"s:70:6:76:Infinity":19,"b:70:10:70:20:70:20:70:52":12,"s:72:8:75:Infinity":20,"b:73:37:73:67:73:67:73:91":13,"f:80:10:80:35":3,"s:81:19:83:Infinity":21,"s:88:4:118:Infinity":22,"f:88:19:88:20":4,"s:89:19:89:Infinity":23,"b:89:19:89:49:89:49:89:Infinity":14,"b:90:6:90:Infinity:undefined:undefined:undefined:undefined":15,"s:90:6:90:Infinity":24,"s:90:17:90:Infinity":25,"b:92:6:107:Infinity:undefined:undefined:undefined:undefined":16,"s:92:6:107:Infinity":26,"b:92:10:92:47:92:27:92:78":17,"b:93:8:93:Infinity:undefined:undefined:undefined:undefined":18,"s:93:8:93:Infinity":27,"s:93:52:93:Infinity":28,"s:94:8:94:Infinity":29,"s:97:8:97:Infinity":30,"s:98:8:98:Infinity":31,"s:100:8:105:Infinity":32,"s:106:8:106:Infinity":33,"s:109:6:109:Infinity":34,"s:110:6:110:Infinity":35,"s:112:6:117:Infinity":36,"f:121:10:121:Infinity":5,"s:124:36:124:Infinity":37,"s:125:10:125:Infinity":38,"b:127:4:132:Infinity:undefined:undefined:undefined:undefined":19,"s:127:4:132:Infinity":39,"s:128:6:131:Infinity":40,"f:129:19:129:20":6,"s:129:42:129:Infinity":41,"b:134:4:143:Infinity:undefined:undefined:undefined:undefined":20,"s:134:4:143:Infinity":42,"s:135:6:142:Infinity":43,"f:136:19:136:20":7,"s:137:10:137:Infinity":44,"b:145:4:154:Infinity:undefined:undefined:undefined:undefined":21,"s:145:4:154:Infinity":45,"s:146:6:153:Infinity":46,"f:147:19:147:20":8,"s:148:10:148:Infinity":47,"b:156:4:161:Infinity:undefined:undefined:undefined:undefined":22,"s:156:4:161:Infinity":48,"s:157:6:160:Infinity":49,"f:158:19:158:20":9,"s:158:42:158:Infinity":50,"b:163:4:168:Infinity:undefined:undefined:undefined:undefined":23,"s:163:4:168:Infinity":51,"s:164:6:167:Infinity":52,"f:165:19:165:20":10,"s:165:42:165:Infinity":53,"b:170:4:176:Infinity:undefined:undefined:undefined:undefined":24,"s:170:4:176:Infinity":54,"s:171:6:175:Infinity":55,"f:172:19:172:20":11,"s:173:10:173:Infinity":56,"b:178:4:183:Infinity:undefined:undefined:undefined:undefined":25,"s:178:4:183:Infinity":57,"s:179:6:182:Infinity":58,"f:180:19:180:20":12,"s:180:42:180:Infinity":59,"b:185:4:190:Infinity:undefined:undefined:undefined:undefined":26,"s:185:4:190:Infinity":60,"s:186:6:189:Infinity":61,"f:187:19:187:20":13,"s:187:42:187:Infinity":62,"b:192:4:197:Infinity:undefined:undefined:undefined:undefined":27,"s:192:4:197:Infinity":63,"s:193:6:196:Infinity":64,"f:194:19:194:20":14,"s:194:42:194:Infinity":65,"b:199:4:204:Infinity:undefined:undefined:undefined:undefined":28,"s:199:4:204:Infinity":66,"s:200:6:203:Infinity":67,"f:201:19:201:20":15,"s:201:42:201:Infinity":68,"s:206:4:206:Infinity":69,"f:209:10:209:39":16,"b:210:4:216:Infinity:undefined:undefined:undefined:undefined":29,"s:210:4:216:Infinity":70,"s:211:6:215:Infinity":71,"f:211:26:211:27":17,"s:212:8:214:Infinity":72,"f:212:52:212:58":18,"s:213:10:213:Infinity":73,"b:218:4:226:Infinity:undefined:undefined:undefined:undefined":30,"s:218:4:226:Infinity":74,"s:219:6:225:Infinity":75,"f:219:26:219:27":19,"s:220:8:224:Infinity":76,"f:220:53:220:59":20,"b:221:10:223:Infinity:undefined:undefined:undefined:undefined":31,"s:221:10:223:Infinity":77,"s:222:12:222:Infinity":78,"s:228:4:234:Infinity":79,"f:228:41:228:42":21,"s:229:6:229:Infinity":80,"s:230:21:230:Infinity":81,"b:231:6:233:Infinity:undefined:undefined:undefined:undefined":32,"s:231:6:233:Infinity":82,"s:232:8:232:Infinity":83,"f:237:9:237:Infinity":22,"s:242:23:242:Infinity":84,"b:243:4:245:Infinity:undefined:undefined:undefined:undefined":33,"s:243:4:245:Infinity":85,"s:244:6:244:Infinity":86,"s:247:10:247:Infinity":87,"s:248:24:248:Infinity":88,"b:250:4:256:Infinity:undefined:undefined:undefined:undefined":34,"s:250:4:256:Infinity":89,"b:250:8:250:23:250:23:250:55":35,"s:252:6:255:Infinity":90,"s:258:4:258:Infinity":91,"s:259:4:259:Infinity":92,"f:262:10:262:Infinity":23,"s:266:25:266:Infinity":93,"b:268:4:270:Infinity:undefined:undefined:undefined:undefined":36,"s:268:4:270:Infinity":94,"b:268:8:268:45:268:45:268:75":37,"s:269:6:269:Infinity":95,"b:271:4:276:Infinity:undefined:undefined:undefined:undefined":38,"s:271:4:276:Infinity":96,"b:272:6:272:Infinity:273:7:273:26:273:26:273:Infinity":39,"s:275:6:275:Infinity":97,"b:277:4:279:Infinity:undefined:undefined:undefined:undefined":40,"s:277:4:279:Infinity":98,"b:277:8:277:40:277:40:277:65":41,"s:278:6:278:Infinity":99,"b:280:4:282:Infinity:undefined:undefined:undefined:undefined":42,"s:280:4:282:Infinity":100,"b:280:8:280:40:280:40:280:65":43,"s:281:6:281:Infinity":101,"s:284:4:284:Infinity":102,"f:287:10:287:24":24,"s:288:23:288:Infinity":103,"b:289:4:289:Infinity:undefined:undefined:undefined:undefined":44,"s:289:4:289:Infinity":104,"s:289:21:289:Infinity":105,"s:291:10:291:Infinity":106,"s:292:29:292:Infinity":107,"s:295:23:297:Infinity":108,"f:296:6:296:7":25,"s:296:16:296:Infinity":109,"s:300:20:300:Infinity":110,"b:303:4:307:Infinity:undefined:undefined:undefined:undefined":45,"s:303:4:307:Infinity":111,"b:303:8:303:23:303:23:303:32":46,"s:304:6:304:Infinity":112,"s:305:6:305:Infinity":113,"s:306:6:306:Infinity":114,"s:309:4:313:Infinity":115,"b:310:6:312:Infinity:undefined:undefined:undefined:undefined":47,"s:310:6:312:Infinity":116,"s:311:8:311:Infinity":117,"s:315:4:315:Infinity":118,"b:317:4:321:Infinity:319:11:321:Infinity":48,"s:317:4:321:Infinity":119,"s:318:6:318:Infinity":120,"s:320:6:320:Infinity":121,"s:323:4:323:Infinity":122,"f:326:10:326:23":26,"b:327:4:329:Infinity:undefined:undefined:undefined:undefined":49,"s:327:4:329:Infinity":123,"s:328:6:328:Infinity":124,"b:330:4:332:Infinity:undefined:undefined:undefined:undefined":50,"s:330:4:332:Infinity":125,"s:331:6:331:Infinity":126,"s:333:4:333:Infinity":127,"f:336:10:336:21":27,"s:337:4:337:Infinity":128,"s:338:4:338:Infinity":129,"s:339:4:339:Infinity":130,"s:340:4:340:Infinity":131,"f:343:10:343:22":28,"s:344:4:344:Infinity":132,"s:345:4:345:Infinity":133,"s:346:4:346:Infinity":134,"s:347:4:347:Infinity":135,"f:350:9:350:38":29,"s:351:45:351:Infinity":136,"s:352:18:352:Infinity":137,"s:354:4:368:Infinity":138,"f:354:24:354:25":30,"s:355:25:355:Infinity":139,"b:356:6:367:Infinity:undefined:undefined:undefined:undefined":51,"s:356:6:367:Infinity":140,"s:357:8:357:Infinity":141,"s:358:38:358:Infinity":142,"s:359:14:359:Infinity":143,"s:361:8:365:Infinity":144,"b:362:10:364:Infinity:undefined:undefined:undefined:undefined":52,"s:362:10:364:Infinity":145,"s:363:12:363:Infinity":146,"s:366:8:366:Infinity":147,"s:370:4:370:Infinity":148,"f:373:9:373:23":31,"s:374:4:374:Infinity":149,"s:375:4:378:Infinity":150,"f:375:24:375:25":32,"s:376:6:376:Infinity":151,"s:377:6:377:Infinity":152,"f:381:10:381:28":33,"s:382:18:384:Infinity":153,"s:385:4:385:Infinity":154,"f:388:9:388:25":34,"s:389:4:389:Infinity":155}}}
,"C:\\Users\\Thunderobot\\Desktop\\Учеба\\веб\\веб\\1 practice\\ts-pair-balynin-ilin\\ts-lib-balynin-il-in\\src\\utils\\index.ts": {"path":"C:\\Users\\Thunderobot\\Desktop\\Учеба\\веб\\веб\\1 practice\\ts-pair-balynin-ilin\\ts-lib-balynin-il-in\\src\\utils\\index.ts","statementMap":{"0":{"start":{"line":6,"column":2},"end":{"line":29,"column":null}},"1":{"start":{"line":7,"column":4},"end":{"line":18,"column":null}},"2":{"start":{"line":8,"column":19},"end":{"line":8,"column":null}},"3":{"start":{"line":9,"column":6},"end":{"line":16,"column":null}},"4":{"start":{"line":10,"column":27},"end":{"line":12,"column":null}},"5":{"start":{"line":13,"column":8},"end":{"line":15,"column":null}},"6":{"start":{"line":14,"column":26},"end":{"line":14,"column":36}},"7":{"start":{"line":15,"column":23},"end":{"line":15,"column":31}},"8":{"start":{"line":17,"column":6},"end":{"line":17,"column":null}},"9":{"start":{"line":19,"column":4},"end":{"line":25,"column":null}},"10":{"start":{"line":20,"column":19},"end":{"line":20,"column":null}},"11":{"start":{"line":21,"column":22},"end":{"line":23,"column":null}},"12":{"start":{"line":24,"column":6},"end":{"line":24,"column":null}},"13":{"start":{"line":26,"column":4},"end":{"line":28,"column":null}},"14":{"start":{"line":27,"column":6},"end":{"line":27,"column":null}},"15":{"start":{"line":30,"column":2},"end":{"line":30,"column":null}},"16":{"start":{"line":34,"column":2},"end":{"line":36,"column":null}},"17":{"start":{"line":43,"column":48},"end":{"line":43,"column":null}},"18":{"start":{"line":45,"column":2},"end":{"line":47,"column":null}},"19":{"start":{"line":46,"column":4},"end":{"line":46,"column":null}},"20":{"start":{"line":48,"column":2},"end":{"line":50,"column":null}},"21":{"start":{"line":49,"column":4},"end":{"line":49,"column":null}},"22":{"start":{"line":51,"column":2},"end":{"line":53,"column":null}},"23":{"start":{"line":52,"column":4},"end":{"line":52,"column":null}},"24":{"start":{"line":54,"column":2},"end":{"line":56,"column":null}},"25":{"start":{"line":55,"column":4},"end":{"line":55,"column":null}},"26":{"start":{"line":57,"column":2},"end":{"line":59,"column":null}},"27":{"start":{"line":58,"column":4},"end":{"line":58,"column":null}},"28":{"start":{"line":60,"column":2},"end":{"line":62,"column":null}},"29":{"start":{"line":61,"column":4},"end":{"line":61,"column":null}},"30":{"start":{"line":63,"column":2},"end":{"line":65,"column":null}},"31":{"start":{"line":64,"column":4},"end":{"line":64,"column":null}},"32":{"start":{"line":66,"column":2},"end":{"line":68,"column":null}},"33":{"start":{"line":67,"column":4},"end":{"line":67,"column":null}},"34":{"start":{"line":70,"column":2},"end":{"line":70,"column":null}},"35":{"start":{"line":77,"column":20},"end":{"line":77,"column":null}},"36":{"start":{"line":78,"column":2},"end":{"line":78,"column":null}},"37":{"start":{"line":79,"column":2},"end":{"line":79,"column":null}},"38":{"start":{"line":81,"column":2},"end":{"line":102,"column":null}},"39":{"start":{"line":82,"column":17},"end":{"line":82,"column":null}},"40":{"start":{"line":83,"column":18},"end":{"line":85,"column":null}},"41":{"start":{"line":86,"column":24},"end":{"line":86,"column":null}},"42":{"start":{"line":88,"column":4},"end":{"line":97,"column":null}},"43":{"start":{"line":90,"column":8},"end":{"line":90,"column":null}},"44":{"start":{"line":91,"column":6},"end":{"line":96,"column":null}},"45":{"start":{"line":92,"column":8},"end":{"line":95,"column":null}},"46":{"start":{"line":99,"column":4},"end":{"line":101,"column":null}},"47":{"start":{"line":100,"column":6},"end":{"line":100,"column":null}},"48":{"start":{"line":104,"column":2},"end":{"line":104,"column":null}},"49":{"start":{"line":108,"column":13},"end":{"line":108,"column":null}},"50":{"start":{"line":110,"column":2},"end":{"line":117,"column":null}},"51":{"start":{"line":111,"column":23},"end":{"line":113,"column":null}},"52":{"start":{"line":114,"column":4},"end":{"line":116,"column":null}},"53":{"start":{"line":115,"column":6},"end":{"line":115,"column":null}},"54":{"start":{"line":119,"column":15},"end":{"line":119,"column":null}},"55":{"start":{"line":120,"column":2},"end":{"line":125,"column":null}},"56":{"start":{"line":121,"column":4},"end":{"line":123,"column":null}},"57":{"start":{"line":122,"column":6},"end":{"line":122,"column":null}},"58":{"start":{"line":124,"column":4},"end":{"line":124,"column":null}},"59":{"start":{"line":127,"column":2},"end":{"line":127,"column":null}}},"fnMap":{"0":{"name":"getFieldValue","decl":{"start":{"line":3,"column":16},"end":{"line":3,"column":null}},"loc":{"start":{"line":5,"column":14},"end":{"line":31,"column":null}},"line":5},"1":{"name":"(anonymous_1)","decl":{"start":{"line":14,"column":18},"end":{"line":14,"column":19}},"loc":{"start":{"line":14,"column":26},"end":{"line":14,"column":36}},"line":14},"2":{"name":"(anonymous_2)","decl":{"start":{"line":15,"column":15},"end":{"line":15,"column":16}},"loc":{"start":{"line":15,"column":23},"end":{"line":15,"column":31}},"line":15},"3":{"name":"isCheckboxOrRadioGroup","decl":{"start":{"line":33,"column":16},"end":{"line":33,"column":39}},"loc":{"start":{"line":33,"column":75},"end":{"line":38,"column":null}},"line":33},"4":{"name":"getConstraintAttributes","decl":{"start":{"line":40,"column":16},"end":{"line":40,"column":null}},"loc":{"start":{"line":42,"column":34},"end":{"line":71,"column":null}},"line":42},"5":{"name":"createErrorContainer","decl":{"start":{"line":73,"column":16},"end":{"line":73,"column":null}},"loc":{"start":{"line":76,"column":15},"end":{"line":105,"column":null}},"line":76},"6":{"name":"findLabel","decl":{"start":{"line":107,"column":16},"end":{"line":107,"column":26}},"loc":{"start":{"line":107,"column":71},"end":{"line":128,"column":null}},"line":107}},"branchMap":{"0":{"loc":{"start":{"line":6,"column":2},"end":{"line":29,"column":null}},"type":"if","locations":[{"start":{"line":6,"column":2},"end":{"line":29,"column":null}},{"start":{},"end":{}}],"line":6},"1":{"loc":{"start":{"line":7,"column":4},"end":{"line":18,"column":null}},"type":"if","locations":[{"start":{"line":7,"column":4},"end":{"line":18,"column":null}},{"start":{},"end":{}}],"line":7},"2":{"loc":{"start":{"line":9,"column":6},"end":{"line":16,"column":null}},"type":"if","locations":[{"start":{"line":9,"column":6},"end":{"line":16,"column":null}},{"start":{},"end":{}}],"line":9},"3":{"loc":{"start":{"line":17,"column":13},"end":{"line":17,"column":null}},"type":"cond-expr","locations":[{"start":{"line":17,"column":31},"end":{"line":17,"column":49}},{"start":{"line":17,"column":49},"end":{"line":17,"column":null}}],"line":17},"4":{"loc":{"start":{"line":19,"column":4},"end":{"line":25,"column":null}},"type":"if","locations":[{"start":{"line":19,"column":4},"end":{"line":25,"column":null}},{"start":{},"end":{}}],"line":19},"5":{"loc":{"start":{"line":24,"column":13},"end":{"line":24,"column":null}},"type":"cond-expr","locations":[{"start":{"line":24,"column":23},"end":{"line":24,"column":39}},{"start":{"line":24,"column":39},"end":{"line":24,"column":null}}],"line":24},"6":{"loc":{"start":{"line":26,"column":4},"end":{"line":28,"column":null}},"type":"if","locations":[{"start":{"line":26,"column":4},"end":{"line":28,"column":null}},{"start":{},"end":{}}],"line":26},"7":{"loc":{"start":{"line":27,"column":13},"end":{"line":27,"column":null}},"type":"cond-expr","locations":[{"start":{"line":27,"column":36},"end":{"line":27,"column":41}},{"start":{"line":27,"column":41},"end":{"line":27,"column":null}}],"line":27},"8":{"loc":{"start":{"line":34,"column":2},"end":{"line":36,"column":null}},"type":"binary-expr","locations":[{"start":{"line":35,"column":5},"end":{"line":35,"column":36}},{"start":{"line":35,"column":36},"end":{"line":35,"column":null}},{"start":{"line":36,"column":4},"end":{"line":36,"column":null}}],"line":34},"9":{"loc":{"start":{"line":45,"column":2},"end":{"line":47,"column":null}},"type":"if","locations":[{"start":{"line":45,"column":2},"end":{"line":47,"column":null}},{"start":{},"end":{}}],"line":45},"10":{"loc":{"start":{"line":48,"column":2},"end":{"line":50,"column":null}},"type":"if","locations":[{"start":{"line":48,"column":2},"end":{"line":50,"column":null}},{"start":{},"end":{}}],"line":48},"11":{"loc":{"start":{"line":51,"column":2},"end":{"line":53,"column":null}},"type":"if","locations":[{"start":{"line":51,"column":2},"end":{"line":53,"column":null}},{"start":{},"end":{}}],"line":51},"12":{"loc":{"start":{"line":54,"column":2},"end":{"line":56,"column":null}},"type":"if","locations":[{"start":{"line":54,"column":2},"end":{"line":56,"column":null}},{"start":{},"end":{}}],"line":54},"13":{"loc":{"start":{"line":57,"column":2},"end":{"line":59,"column":null}},"type":"if","locations":[{"start":{"line":57,"column":2},"end":{"line":59,"column":null}},{"start":{},"end":{}}],"line":57},"14":{"loc":{"start":{"line":60,"column":2},"end":{"line":62,"column":null}},"type":"if","locations":[{"start":{"line":60,"column":2},"end":{"line":62,"column":null}},{"start":{},"end":{}}],"line":60},"15":{"loc":{"start":{"line":61,"column":20},"end":{"line":61,"column":null}},"type":"binary-expr","locations":[{"start":{"line":61,"column":20},"end":{"line":61,"column":55}},{"start":{"line":61,"column":55},"end":{"line":61,"column":null}}],"line":61},"16":{"loc":{"start":{"line":63,"column":2},"end":{"line":65,"column":null}},"type":"if","locations":[{"start":{"line":63,"column":2},"end":{"line":65,"column":null}},{"start":{},"end":{}}],"line":63},"17":{"loc":{"start":{"line":64,"column":17},"end":{"line":64,"column":null}},"type":"binary-expr","locations":[{"start":{"line":64,"column":17},"end":{"line":64,"column":49}},{"start":{"line":64,"column":49},"end":{"line":64,"column":null}}],"line":64},"18":{"loc":{"start":{"line":66,"column":2},"end":{"line":68,"column":null}},"type":"if","locations":[{"start":{"line":66,"column":2},"end":{"line":68,"column":null}},{"start":{},"end":{}}],"line":66},"19":{"loc":{"start":{"line":81,"column":2},"end":{"line":102,"column":null}},"type":"if","locations":[{"start":{"line":81,"column":2},"end":{"line":102,"column":null}},{"start":{"line":98,"column":9},"end":{"line":102,"column":null}}],"line":81},"20":{"loc":{"start":{"line":81,"column":6},"end":{"line":81,"column":74}},"type":"binary-expr","locations":[{"start":{"line":81,"column":6},"end":{"line":81,"column":43}},{"start":{"line":81,"column":43},"end":{"line":81,"column":74}}],"line":81},"21":{"loc":{"start":{"line":88,"column":4},"end":{"line":97,"column":null}},"type":"if","locations":[{"start":{"line":88,"column":4},"end":{"line":97,"column":null}},{"start":{},"end":{}}],"line":88},"22":{"loc":{"start":{"line":88,"column":8},"end":{"line":88,"column":47}},"type":"binary-expr","locations":[{"start":{"line":88,"column":8},"end":{"line":88,"column":23}},{"start":{"line":88,"column":23},"end":{"line":88,"column":47}}],"line":88},"23":{"loc":{"start":{"line":90,"column":8},"end":{"line":90,"column":null}},"type":"binary-expr","locations":[{"start":{"line":90,"column":8},"end":{"line":90,"column":64}},{"start":{"line":90,"column":64},"end":{"line":90,"column":null}}],"line":90},"24":{"loc":{"start":{"line":91,"column":6},"end":{"line":96,"column":null}},"type":"if","locations":[{"start":{"line":91,"column":6},"end":{"line":96,"column":null}},{"start":{},"end":{}}],"line":91},"25":{"loc":{"start":{"line":99,"column":4},"end":{"line":101,"column":null}},"type":"if","locations":[{"start":{"line":99,"column":4},"end":{"line":101,"column":null}},{"start":{},"end":{}}],"line":99},"26":{"loc":{"start":{"line":110,"column":2},"end":{"line":117,"column":null}},"type":"if","locations":[{"start":{"line":110,"column":2},"end":{"line":117,"column":null}},{"start":{},"end":{}}],"line":110},"27":{"loc":{"start":{"line":114,"column":4},"end":{"line":116,"column":null}},"type":"if","locations":[{"start":{"line":114,"column":4},"end":{"line":116,"column":null}},{"start":{},"end":{}}],"line":114},"28":{"loc":{"start":{"line":121,"column":4},"end":{"line":123,"column":null}},"type":"if","locations":[{"start":{"line":121,"column":4},"end":{"line":123,"column":null}},{"start":{},"end":{}}],"line":121}},"s":{"0":32,"1":32,"2":4,"3":4,"4":4,"5":4,"6":11,"7":6,"8":0,"9":28,"10":2,"11":2,"12":2,"13":26,"14":6,"15":20,"16":48,"17":30,"18":30,"19":3,"20":30,"21":2,"22":30,"23":2,"24":30,"25":2,"26":30,"27":2,"28":30,"29":2,"30":30,"31":24,"32":30,"33":1,"34":30,"35":20,"36":20,"37":20,"38":20,"39":2,"40":2,"41":2,"42":2,"43":2,"44":2,"45":2,"46":18,"47":18,"48":20,"49":27,"50":27,"51":27,"52":27,"53":19,"54":8,"55":8,"56":28,"57":1,"58":27,"59":7},"f":{"0":32,"1":11,"2":6,"3":48,"4":30,"5":20,"6":27},"b":{"0":[32,0],"1":[4,28],"2":[4,0],"3":[0,0],"4":[2,26],"5":[1,1],"6":[6,20],"7":[1,5],"8":[48,38,11],"9":[3,27],"10":[2,28],"11":[2,28],"12":[2,28],"13":[2,28],"14":[2,28],"15":[2,0],"16":[24,6],"17":[24,0],"18":[1,29],"19":[2,18],"20":[20,20],"21":[2,0],"22":[2,2],"23":[2,0],"24":[2,0],"25":[18,0],"26":[27,0],"27":[19,8],"28":[1,27]},"meta":{"lastBranch":29,"lastFunction":7,"lastStatement":60,"seen":{"f:3:16:3:Infinity":0,"b:6:2:29:Infinity:undefined:undefined:undefined:undefined":0,"s:6:2:29:Infinity":0,"b:7:4:18:Infinity:undefined:undefined:undefined:undefined":1,"s:7:4:18:Infinity":1,"s:8:19:8:Infinity":2,"b:9:6:16:Infinity:undefined:undefined:undefined:undefined":2,"s:9:6:16:Infinity":3,"s:10:27:12:Infinity":4,"s:13:8:15:Infinity":5,"f:14:18:14:19":1,"s:14:26:14:36":6,"f:15:15:15:16":2,"s:15:23:15:31":7,"s:17:6:17:Infinity":8,"b:17:31:17:49:17:49:17:Infinity":3,"b:19:4:25:Infinity:undefined:undefined:undefined:undefined":4,"s:19:4:25:Infinity":9,"s:20:19:20:Infinity":10,"s:21:22:23:Infinity":11,"s:24:6:24:Infinity":12,"b:24:23:24:39:24:39:24:Infinity":5,"b:26:4:28:Infinity:undefined:undefined:undefined:undefined":6,"s:26:4:28:Infinity":13,"s:27:6:27:Infinity":14,"b:27:36:27:41:27:41:27:Infinity":7,"s:30:2:30:Infinity":15,"f:33:16:33:39":3,"s:34:2:36:Infinity":16,"b:35:5:35:36:35:36:35:Infinity:36:4:36:Infinity":8,"f:40:16:40:Infinity":4,"s:43:48:43:Infinity":17,"b:45:2:47:Infinity:undefined:undefined:undefined:undefined":9,"s:45:2:47:Infinity":18,"s:46:4:46:Infinity":19,"b:48:2:50:Infinity:undefined:undefined:undefined:undefined":10,"s:48:2:50:Infinity":20,"s:49:4:49:Infinity":21,"b:51:2:53:Infinity:undefined:undefined:undefined:undefined":11,"s:51:2:53:Infinity":22,"s:52:4:52:Infinity":23,"b:54:2:56:Infinity:undefined:undefined:undefined:undefined":12,"s:54:2:56:Infinity":24,"s:55:4:55:Infinity":25,"b:57:2:59:Infinity:undefined:undefined:undefined:undefined":13,"s:57:2:59:Infinity":26,"s:58:4:58:Infinity":27,"b:60:2:62:Infinity:undefined:undefined:undefined:undefined":14,"s:60:2:62:Infinity":28,"s:61:4:61:Infinity":29,"b:61:20:61:55:61:55:61:Infinity":15,"b:63:2:65:Infinity:undefined:undefined:undefined:undefined":16,"s:63:2:65:Infinity":30,"s:64:4:64:Infinity":31,"b:64:17:64:49:64:49:64:Infinity":17,"b:66:2:68:Infinity:undefined:undefined:undefined:undefined":18,"s:66:2:68:Infinity":32,"s:67:4:67:Infinity":33,"s:70:2:70:Infinity":34,"f:73:16:73:Infinity":5,"s:77:20:77:Infinity":35,"s:78:2:78:Infinity":36,"s:79:2:79:Infinity":37,"b:81:2:102:Infinity:98:9:102:Infinity":19,"s:81:2:102:Infinity":38,"b:81:6:81:43:81:43:81:74":20,"s:82:17:82:Infinity":39,"s:83:18:85:Infinity":40,"s:86:24:86:Infinity":41,"b:88:4:97:Infinity:undefined:undefined:undefined:undefined":21,"s:88:4:97:Infinity":42,"b:88:8:88:23:88:23:88:47":22,"s:90:8:90:Infinity":43,"b:90:8:90:64:90:64:90:Infinity":23,"b:91:6:96:Infinity:undefined:undefined:undefined:undefined":24,"s:91:6:96:Infinity":44,"s:92:8:95:Infinity":45,"b:99:4:101:Infinity:undefined:undefined:undefined:undefined":25,"s:99:4:101:Infinity":46,"s:100:6:100:Infinity":47,"s:104:2:104:Infinity":48,"f:107:16:107:26":6,"s:108:13:108:Infinity":49,"b:110:2:117:Infinity:undefined:undefined:undefined:undefined":26,"s:110:2:117:Infinity":50,"s:111:23:113:Infinity":51,"b:114:4:116:Infinity:undefined:undefined:undefined:undefined":27,"s:114:4:116:Infinity":52,"s:115:6:115:Infinity":53,"s:119:15:119:Infinity":54,"s:120:2:125:Infinity":55,"b:121:4:123:Infinity:undefined:undefined:undefined:undefined":28,"s:121:4:123:Infinity":56,"s:122:6:122:Infinity":57,"s:124:4:124:Infinity":58,"s:127:2:127:Infinity":59}}}
,"C:\\Users\\Thunderobot\\Desktop\\Учеба\\веб\\веб\\1 practice\\ts-pair-balynin-ilin\\ts-lib-balynin-il-in\\src\\validators\\index.ts": {"path":"C:\\Users\\Thunderobot\\Desktop\\Учеба\\веб\\веб\\1 practice\\ts-pair-balynin-ilin\\ts-lib-balynin-il-in\\src\\validators\\index.ts","statementMap":{"0":{"start":{"line":3,"column":61},"end":{"line":90,"column":null}},"1":{"start":{"line":5,"column":4},"end":{"line":7,"column":null}},"2":{"start":{"line":6,"column":6},"end":{"line":6,"column":null}},"3":{"start":{"line":8,"column":4},"end":{"line":10,"column":null}},"4":{"start":{"line":9,"column":6},"end":{"line":9,"column":null}},"5":{"start":{"line":11,"column":4},"end":{"line":11,"column":null}},"6":{"start":{"line":15,"column":4},"end":{"line":15,"column":null}},"7":{"start":{"line":15,"column":33},"end":{"line":15,"column":null}},"8":{"start":{"line":16,"column":4},"end":{"line":18,"column":null}},"9":{"start":{"line":17,"column":6},"end":{"line":17,"column":null}},"10":{"start":{"line":19,"column":4},"end":{"line":19,"column":null}},"11":{"start":{"line":23,"column":4},"end":{"line":23,"column":null}},"12":{"start":{"line":23,"column":33},"end":{"line":23,"column":null}},"13":{"start":{"line":24,"column":4},"end":{"line":26,"column":null}},"14":{"start":{"line":25,"column":6},"end":{"line":25,"column":null}},"15":{"start":{"line":27,"column":4},"end":{"line":27,"column":null}},"16":{"start":{"line":31,"column":4},"end":{"line":31,"column":null}},"17":{"start":{"line":31,"column":33},"end":{"line":31,"column":null}},"18":{"start":{"line":32,"column":4},"end":{"line":34,"column":null}},"19":{"start":{"line":33,"column":6},"end":{"line":33,"column":null}},"20":{"start":{"line":35,"column":21},"end":{"line":35,"column":null}},"21":{"start":{"line":36,"column":4},"end":{"line":36,"column":null}},"22":{"start":{"line":40,"column":4},"end":{"line":40,"column":null}},"23":{"start":{"line":40,"column":33},"end":{"line":40,"column":null}},"24":{"start":{"line":41,"column":4},"end":{"line":43,"column":null}},"25":{"start":{"line":42,"column":6},"end":{"line":42,"column":null}},"26":{"start":{"line":44,"column":21},"end":{"line":44,"column":null}},"27":{"start":{"line":45,"column":4},"end":{"line":45,"column":null}},"28":{"start":{"line":52,"column":4},"end":{"line":52,"column":null}},"29":{"start":{"line":52,"column":37},"end":{"line":52,"column":null}},"30":{"start":{"line":53,"column":4},"end":{"line":53,"column":null}},"31":{"start":{"line":53,"column":30},"end":{"line":53,"column":null}},"32":{"start":{"line":54,"column":18},"end":{"line":54,"column":null}},"33":{"start":{"line":55,"column":4},"end":{"line":55,"column":null}},"34":{"start":{"line":59,"column":4},"end":{"line":59,"column":null}},"35":{"start":{"line":59,"column":30},"end":{"line":59,"column":null}},"36":{"start":{"line":60,"column":23},"end":{"line":60,"column":null}},"37":{"start":{"line":61,"column":4},"end":{"line":61,"column":null}},"38":{"start":{"line":65,"column":4},"end":{"line":65,"column":null}},"39":{"start":{"line":65,"column":30},"end":{"line":65,"column":null}},"40":{"start":{"line":66,"column":4},"end":{"line":71,"column":null}},"41":{"start":{"line":67,"column":6},"end":{"line":67,"column":null}},"42":{"start":{"line":68,"column":6},"end":{"line":68,"column":null}},"43":{"start":{"line":70,"column":6},"end":{"line":70,"column":null}},"44":{"start":{"line":75,"column":4},"end":{"line":75,"column":null}},"45":{"start":{"line":75,"column":30},"end":{"line":75,"column":null}},"46":{"start":{"line":76,"column":4},"end":{"line":76,"column":null}},"47":{"start":{"line":80,"column":4},"end":{"line":80,"column":null}},"48":{"start":{"line":80,"column":30},"end":{"line":80,"column":null}},"49":{"start":{"line":81,"column":4},"end":{"line":81,"column":null}},"50":{"start":{"line":85,"column":4},"end":{"line":85,"column":null}},"51":{"start":{"line":85,"column":58},"end":{"line":85,"column":null}},"52":{"start":{"line":86,"column":21},"end":{"line":86,"column":null}},"53":{"start":{"line":87,"column":4},"end":{"line":87,"column":null}},"54":{"start":{"line":87,"column":25},"end":{"line":87,"column":null}},"55":{"start":{"line":88,"column":4},"end":{"line":88,"column":null}},"56":{"start":{"line":92,"column":53},"end":{"line":104,"column":null}},"57":{"start":{"line":110,"column":2},"end":{"line":112,"column":null}},"58":{"start":{"line":111,"column":4},"end":{"line":111,"column":null}},"59":{"start":{"line":113,"column":2},"end":{"line":113,"column":null}}},"fnMap":{"0":{"name":"(anonymous_0)","decl":{"start":{"line":4,"column":12},"end":{"line":4,"column":13}},"loc":{"start":{"line":4,"column":44},"end":{"line":12,"column":null}},"line":4},"1":{"name":"(anonymous_1)","decl":{"start":{"line":14,"column":13},"end":{"line":14,"column":14}},"loc":{"start":{"line":14,"column":78},"end":{"line":20,"column":null}},"line":14},"2":{"name":"(anonymous_2)","decl":{"start":{"line":22,"column":13},"end":{"line":22,"column":14}},"loc":{"start":{"line":22,"column":78},"end":{"line":28,"column":null}},"line":22},"3":{"name":"(anonymous_3)","decl":{"start":{"line":30,"column":7},"end":{"line":30,"column":8}},"loc":{"start":{"line":30,"column":72},"end":{"line":37,"column":null}},"line":30},"4":{"name":"(anonymous_4)","decl":{"start":{"line":39,"column":7},"end":{"line":39,"column":8}},"loc":{"start":{"line":39,"column":72},"end":{"line":46,"column":null}},"line":39},"5":{"name":"(anonymous_5)","decl":{"start":{"line":48,"column":11},"end":{"line":48,"column":null}},"loc":{"start":{"line":51,"column":16},"end":{"line":56,"column":null}},"line":51},"6":{"name":"(anonymous_6)","decl":{"start":{"line":58,"column":9},"end":{"line":58,"column":10}},"loc":{"start":{"line":58,"column":41},"end":{"line":62,"column":null}},"line":58},"7":{"name":"(anonymous_7)","decl":{"start":{"line":64,"column":7},"end":{"line":64,"column":8}},"loc":{"start":{"line":64,"column":39},"end":{"line":72,"column":null}},"line":64},"8":{"name":"(anonymous_8)","decl":{"start":{"line":74,"column":10},"end":{"line":74,"column":11}},"loc":{"start":{"line":74,"column":42},"end":{"line":77,"column":null}},"line":74},"9":{"name":"(anonymous_9)","decl":{"start":{"line":79,"column":11},"end":{"line":79,"column":12}},"loc":{"start":{"line":79,"column":43},"end":{"line":82,"column":null}},"line":79},"10":{"name":"(anonymous_10)","decl":{"start":{"line":84,"column":8},"end":{"line":84,"column":9}},"loc":{"start":{"line":84,"column":74},"end":{"line":89,"column":null}},"line":84},"11":{"name":"formatErrorMessage","decl":{"start":{"line":106,"column":16},"end":{"line":106,"column":null}},"loc":{"start":{"line":109,"column":10},"end":{"line":114,"column":null}},"line":109}},"branchMap":{"0":{"loc":{"start":{"line":5,"column":4},"end":{"line":7,"column":null}},"type":"if","locations":[{"start":{"line":5,"column":4},"end":{"line":7,"column":null}},{"start":{},"end":{}}],"line":5},"1":{"loc":{"start":{"line":8,"column":4},"end":{"line":10,"column":null}},"type":"if","locations":[{"start":{"line":8,"column":4},"end":{"line":10,"column":null}},{"start":{},"end":{}}],"line":8},"2":{"loc":{"start":{"line":15,"column":4},"end":{"line":15,"column":null}},"type":"if","locations":[{"start":{"line":15,"column":4},"end":{"line":15,"column":null}},{"start":{},"end":{}}],"line":15},"3":{"loc":{"start":{"line":16,"column":4},"end":{"line":18,"column":null}},"type":"if","locations":[{"start":{"line":16,"column":4},"end":{"line":18,"column":null}},{"start":{},"end":{}}],"line":16},"4":{"loc":{"start":{"line":23,"column":4},"end":{"line":23,"column":null}},"type":"if","locations":[{"start":{"line":23,"column":4},"end":{"line":23,"column":null}},{"start":{},"end":{}}],"line":23},"5":{"loc":{"start":{"line":24,"column":4},"end":{"line":26,"column":null}},"type":"if","locations":[{"start":{"line":24,"column":4},"end":{"line":26,"column":null}},{"start":{},"end":{}}],"line":24},"6":{"loc":{"start":{"line":31,"column":4},"end":{"line":31,"column":null}},"type":"if","locations":[{"start":{"line":31,"column":4},"end":{"line":31,"column":null}},{"start":{},"end":{}}],"line":31},"7":{"loc":{"start":{"line":32,"column":4},"end":{"line":34,"column":null}},"type":"if","locations":[{"start":{"line":32,"column":4},"end":{"line":34,"column":null}},{"start":{},"end":{}}],"line":32},"8":{"loc":{"start":{"line":35,"column":21},"end":{"line":35,"column":null}},"type":"cond-expr","locations":[{"start":{"line":35,"column":49},"end":{"line":35,"column":57}},{"start":{"line":35,"column":57},"end":{"line":35,"column":null}}],"line":35},"9":{"loc":{"start":{"line":36,"column":11},"end":{"line":36,"column":null}},"type":"binary-expr","locations":[{"start":{"line":36,"column":11},"end":{"line":36,"column":31}},{"start":{"line":36,"column":31},"end":{"line":36,"column":null}}],"line":36},"10":{"loc":{"start":{"line":40,"column":4},"end":{"line":40,"column":null}},"type":"if","locations":[{"start":{"line":40,"column":4},"end":{"line":40,"column":null}},{"start":{},"end":{}}],"line":40},"11":{"loc":{"start":{"line":41,"column":4},"end":{"line":43,"column":null}},"type":"if","locations":[{"start":{"line":41,"column":4},"end":{"line":43,"column":null}},{"start":{},"end":{}}],"line":41},"12":{"loc":{"start":{"line":44,"column":21},"end":{"line":44,"column":null}},"type":"cond-expr","locations":[{"start":{"line":44,"column":49},"end":{"line":44,"column":57}},{"start":{"line":44,"column":57},"end":{"line":44,"column":null}}],"line":44},"13":{"loc":{"start":{"line":45,"column":11},"end":{"line":45,"column":null}},"type":"binary-expr","locations":[{"start":{"line":45,"column":11},"end":{"line":45,"column":31}},{"start":{"line":45,"column":31},"end":{"line":45,"column":null}}],"line":45},"14":{"loc":{"start":{"line":52,"column":4},"end":{"line":52,"column":null}},"type":"if","locations":[{"start":{"line":52,"column":4},"end":{"line":52,"column":null}},{"start":{},"end":{}}],"line":52},"15":{"loc":{"start":{"line":53,"column":4},"end":{"line":53,"column":null}},"type":"if","locations":[{"start":{"line":53,"column":4},"end":{"line":53,"column":null}},{"start":{},"end":{}}],"line":53},"16":{"loc":{"start":{"line":59,"column":4},"end":{"line":59,"column":null}},"type":"if","locations":[{"start":{"line":59,"column":4},"end":{"line":59,"column":null}},{"start":{},"end":{}}],"line":59},"17":{"loc":{"start":{"line":65,"column":4},"end":{"line":65,"column":null}},"type":"if","locations":[{"start":{"line":65,"column":4},"end":{"line":65,"column":null}},{"start":{},"end":{}}],"line":65},"18":{"loc":{"start":{"line":75,"column":4},"end":{"line":75,"column":null}},"type":"if","locations":[{"start":{"line":75,"column":4},"end":{"line":75,"column":null}},{"start":{},"end":{}}],"line":75},"19":{"loc":{"start":{"line":76,"column":11},"end":{"line":76,"column":null}},"type":"binary-expr","locations":[{"start":{"line":76,"column":11},"end":{"line":76,"column":36}},{"start":{"line":76,"column":36},"end":{"line":76,"column":null}}],"line":76},"20":{"loc":{"start":{"line":80,"column":4},"end":{"line":80,"column":null}},"type":"if","locations":[{"start":{"line":80,"column":4},"end":{"line":80,"column":null}},{"start":{},"end":{}}],"line":80},"21":{"loc":{"start":{"line":81,"column":11},"end":{"line":81,"column":null}},"type":"binary-expr","locations":[{"start":{"line":81,"column":11},"end":{"line":81,"column":46}},{"start":{"line":81,"column":46},"end":{"line":81,"column":null}}],"line":81},"22":{"loc":{"start":{"line":85,"column":4},"end":{"line":85,"column":null}},"type":"if","locations":[{"start":{"line":85,"column":4},"end":{"line":85,"column":null}},{"start":{},"end":{}}],"line":85},"23":{"loc":{"start":{"line":85,"column":8},"end":{"line":85,"column":58}},"type":"binary-expr","locations":[{"start":{"line":85,"column":8},"end":{"line":85,"column":36}},{"start":{"line":85,"column":36},"end":{"line":85,"column":58}}],"line":85},"24":{"loc":{"start":{"line":86,"column":21},"end":{"line":86,"column":null}},"type":"cond-expr","locations":[{"start":{"line":86,"column":49},"end":{"line":86,"column":57}},{"start":{"line":86,"column":57},"end":{"line":86,"column":null}}],"line":86},"25":{"loc":{"start":{"line":87,"column":4},"end":{"line":87,"column":null}},"type":"if","locations":[{"start":{"line":87,"column":4},"end":{"line":87,"column":null}},{"start":{},"end":{}}],"line":87},"26":{"loc":{"start":{"line":110,"column":2},"end":{"line":112,"column":null}},"type":"if","locations":[{"start":{"line":110,"column":2},"end":{"line":112,"column":null}},{"start":{},"end":{}}],"line":110}},"s":{"0":2,"1":10,"2":2,"3":8,"4":2,"5":6,"6":8,"7":1,"8":7,"9":2,"10":5,"11":7,"12":0,"13":7,"14":2,"15":5,"16":9,"17":0,"18":9,"19":2,"20":7,"21":9,"22":7,"23":0,"24":7,"25":2,"26":5,"27":7,"28":6,"29":1,"30":5,"31":1,"32":4,"33":4,"34":9,"35":1,"36":8,"37":8,"38":11,"39":1,"40":10,"41":10,"42":10,"43":6,"44":10,"45":0,"46":10,"47":5,"48":0,"49":5,"50":6,"51":0,"52":6,"53":6,"54":0,"55":6,"56":2,"57":7,"58":6,"59":1},"f":{"0":10,"1":8,"2":7,"3":9,"4":7,"5":6,"6":9,"7":11,"8":10,"9":5,"10":6,"11":7},"b":{"0":[2,8],"1":[2,6],"2":[1,7],"3":[2,5],"4":[0,7],"5":[2,5],"6":[0,9],"7":[2,7],"8":[5,2],"9":[9,7],"10":[0,7],"11":[2,5],"12":[5,0],"13":[7,5],"14":[1,5],"15":[1,4],"16":[1,8],"17":[1,10],"18":[0,10],"19":[10,9],"20":[0,5],"21":[5,2],"22":[0,6],"23":[6,6],"24":[6,0],"25":[0,6],"26":[6,1]},"meta":{"lastBranch":27,"lastFunction":12,"lastStatement":60,"seen":{"s:3:61:90:Infinity":0,"f:4:12:4:13":0,"b:5:4:7:Infinity:undefined:undefined:undefined:undefined":0,"s:5:4:7:Infinity":1,"s:6:6:6:Infinity":2,"b:8:4:10:Infinity:undefined:undefined:undefined:undefined":1,"s:8:4:10:Infinity":3,"s:9:6:9:Infinity":4,"s:11:4:11:Infinity":5,"f:14:13:14:14":1,"b:15:4:15:Infinity:undefined:undefined:undefined:undefined":2,"s:15:4:15:Infinity":6,"s:15:33:15:Infinity":7,"b:16:4:18:Infinity:undefined:undefined:undefined:undefined":3,"s:16:4:18:Infinity":8,"s:17:6:17:Infinity":9,"s:19:4:19:Infinity":10,"f:22:13:22:14":2,"b:23:4:23:Infinity:undefined:undefined:undefined:undefined":4,"s:23:4:23:Infinity":11,"s:23:33:23:Infinity":12,"b:24:4:26:Infinity:undefined:undefined:undefined:undefined":5,"s:24:4:26:Infinity":13,"s:25:6:25:Infinity":14,"s:27:4:27:Infinity":15,"f:30:7:30:8":3,"b:31:4:31:Infinity:undefined:undefined:undefined:undefined":6,"s:31:4:31:Infinity":16,"s:31:33:31:Infinity":17,"b:32:4:34:Infinity:undefined:undefined:undefined:undefined":7,"s:32:4:34:Infinity":18,"s:33:6:33:Infinity":19,"s:35:21:35:Infinity":20,"b:35:49:35:57:35:57:35:Infinity":8,"s:36:4:36:Infinity":21,"b:36:11:36:31:36:31:36:Infinity":9,"f:39:7:39:8":4,"b:40:4:40:Infinity:undefined:undefined:undefined:undefined":10,"s:40:4:40:Infinity":22,"s:40:33:40:Infinity":23,"b:41:4:43:Infinity:undefined:undefined:undefined:undefined":11,"s:41:4:43:Infinity":24,"s:42:6:42:Infinity":25,"s:44:21:44:Infinity":26,"b:44:49:44:57:44:57:44:Infinity":12,"s:45:4:45:Infinity":27,"b:45:11:45:31:45:31:45:Infinity":13,"f:48:11:48:Infinity":5,"b:52:4:52:Infinity:undefined:undefined:undefined:undefined":14,"s:52:4:52:Infinity":28,"s:52:37:52:Infinity":29,"b:53:4:53:Infinity:undefined:undefined:undefined:undefined":15,"s:53:4:53:Infinity":30,"s:53:30:53:Infinity":31,"s:54:18:54:Infinity":32,"s:55:4:55:Infinity":33,"f:58:9:58:10":6,"b:59:4:59:Infinity:undefined:undefined:undefined:undefined":16,"s:59:4:59:Infinity":34,"s:59:30:59:Infinity":35,"s:60:23:60:Infinity":36,"s:61:4:61:Infinity":37,"f:64:7:64:8":7,"b:65:4:65:Infinity:undefined:undefined:undefined:undefined":17,"s:65:4:65:Infinity":38,"s:65:30:65:Infinity":39,"s:66:4:71:Infinity":40,"s:67:6:67:Infinity":41,"s:68:6:68:Infinity":42,"s:70:6:70:Infinity":43,"f:74:10:74:11":8,"b:75:4:75:Infinity:undefined:undefined:undefined:undefined":18,"s:75:4:75:Infinity":44,"s:75:30:75:Infinity":45,"s:76:4:76:Infinity":46,"b:76:11:76:36:76:36:76:Infinity":19,"f:79:11:79:12":9,"b:80:4:80:Infinity:undefined:undefined:undefined:undefined":20,"s:80:4:80:Infinity":47,"s:80:30:80:Infinity":48,"s:81:4:81:Infinity":49,"b:81:11:81:46:81:46:81:Infinity":21,"f:84:8:84:9":10,"b:85:4:85:Infinity:undefined:undefined:undefined:undefined":22,"s:85:4:85:Infinity":50,"b:85:8:85:36:85:36:85:58":23,"s:85:58:85:Infinity":51,"s:86:21:86:Infinity":52,"b:86:49:86:57:86:57:86:Infinity":24,"b:87:4:87:Infinity:undefined:undefined:undefined:undefined":25,"s:87:4:87:Infinity":53,"s:87:25:87:Infinity":54,"s:88:4:88:Infinity":55,"s:92:53:104:Infinity":56,"f:106:16:106:Infinity":11,"b:110:2:112:Infinity:undefined:undefined:undefined:undefined":26,"s:110:2:112:Infinity":57,"s:111:4:111:Infinity":58,"s:113:2:113:Infinity":59}}}
}
